<?xml version="1.0" encoding="UTF-8"?>
<testng-results ignored="0" total="1" passed="1" failed="0" skipped="0">
  <reporter-output>
  </reporter-output>
  <suite started-at="2023-03-02T10:02:35 GMT+01:00" name="Surefire suite" finished-at="2023-03-02T10:02:43 GMT+01:00" duration-ms="8120">
    <groups>
    </groups>
    <test started-at="2023-03-02T10:02:35 GMT+01:00" name="Surefire test" finished-at="2023-03-02T10:02:43 GMT+01:00" duration-ms="8120">
      <class name="testing.PositiveTest">
        <test-method signature="logintest()[pri:0, instance:testing.PositiveTest@482bce4f]" started-at="2023-03-02T10:02:35 GMT+01:00" name="logintest" finished-at="2023-03-02T10:02:43 GMT+01:00" duration-ms="8100" status="PASS">
          <reporter-output>
          </reporter-output>
        </test-method> <!-- logintest -->
      </class> <!-- testing.PositiveTest -->
    </test> <!-- Surefire test -->
  </suite> <!-- Surefire suite -->
</testng-results>
